[19-Mar-2022 14:55:22 UTC] PHP Warning:  require(E:\Projects\hai\app\public/wp-content/themes/hai/classes/class-hai-svg-icons.php): failed to open stream: No such file or directory in E:\Projects\hai\app\public\wp-content\themes\hai\functions.php on line 159
[19-Mar-2022 14:55:22 UTC] PHP Stack trace:
[19-Mar-2022 14:55:22 UTC] PHP   1. {main}() E:\Projects\hai\app\public\wp-admin\themes.php:0
[19-Mar-2022 14:55:22 UTC] PHP   2. require_once() E:\Projects\hai\app\public\wp-admin\themes.php:10
[19-Mar-2022 14:55:22 UTC] PHP   3. require_once() E:\Projects\hai\app\public\wp-admin\admin.php:34
[19-Mar-2022 14:55:22 UTC] PHP   4. require_once() E:\Projects\hai\app\public\wp-load.php:50
[19-Mar-2022 14:55:22 UTC] PHP   5. require_once() E:\Projects\hai\app\public\wp-config.php:91
[19-Mar-2022 14:55:22 UTC] PHP   6. include() E:\Projects\hai\app\public\wp-settings.php:555
[19-Mar-2022 14:55:22 UTC] PHP Fatal error:  require(): Failed opening required 'E:\Projects\hai\app\public/wp-content/themes/hai/classes/class-hai-svg-icons.php' (include_path='.:/usr/share/php:/www/wp-content/pear') in E:\Projects\hai\app\public\wp-content\themes\hai\functions.php on line 159
[19-Mar-2022 14:55:22 UTC] PHP Stack trace:
[19-Mar-2022 14:55:22 UTC] PHP   1. {main}() E:\Projects\hai\app\public\wp-admin\themes.php:0
[19-Mar-2022 14:55:22 UTC] PHP   2. require_once() E:\Projects\hai\app\public\wp-admin\themes.php:10
[19-Mar-2022 14:55:22 UTC] PHP   3. require_once() E:\Projects\hai\app\public\wp-admin\admin.php:34
[19-Mar-2022 14:55:22 UTC] PHP   4. require_once() E:\Projects\hai\app\public\wp-load.php:50
[19-Mar-2022 14:55:22 UTC] PHP   5. require_once() E:\Projects\hai\app\public\wp-config.php:91
[19-Mar-2022 14:55:22 UTC] PHP   6. include() E:\Projects\hai\app\public\wp-settings.php:555
[19-Mar-2022 14:55:22 UTC] PHP Warning:  require(E:\Projects\hai\app\public/wp-content/themes/hai/classes/class-hai-svg-icons.php): failed to open stream: No such file or directory in E:\Projects\hai\app\public\wp-content\themes\hai\functions.php on line 159
[19-Mar-2022 14:55:22 UTC] PHP Stack trace:
[19-Mar-2022 14:55:22 UTC] PHP   1. {main}() E:\Projects\hai\app\public\index.php:0
[19-Mar-2022 14:55:22 UTC] PHP   2. require() E:\Projects\hai\app\public\index.php:17
[19-Mar-2022 14:55:22 UTC] PHP   3. require_once() E:\Projects\hai\app\public\wp-blog-header.php:13
[19-Mar-2022 14:55:22 UTC] PHP   4. require_once() E:\Projects\hai\app\public\wp-load.php:50
[19-Mar-2022 14:55:22 UTC] PHP   5. require_once() E:\Projects\hai\app\public\wp-config.php:91
[19-Mar-2022 14:55:22 UTC] PHP   6. include() E:\Projects\hai\app\public\wp-settings.php:555
[19-Mar-2022 14:55:22 UTC] PHP Fatal error:  require(): Failed opening required 'E:\Projects\hai\app\public/wp-content/themes/hai/classes/class-hai-svg-icons.php' (include_path='.:/usr/share/php:/www/wp-content/pear') in E:\Projects\hai\app\public\wp-content\themes\hai\functions.php on line 159
[19-Mar-2022 14:55:22 UTC] PHP Stack trace:
[19-Mar-2022 14:55:22 UTC] PHP   1. {main}() E:\Projects\hai\app\public\index.php:0
[19-Mar-2022 14:55:22 UTC] PHP   2. require() E:\Projects\hai\app\public\index.php:17
[19-Mar-2022 14:55:22 UTC] PHP   3. require_once() E:\Projects\hai\app\public\wp-blog-header.php:13
[19-Mar-2022 14:55:22 UTC] PHP   4. require_once() E:\Projects\hai\app\public\wp-load.php:50
[19-Mar-2022 14:55:22 UTC] PHP   5. require_once() E:\Projects\hai\app\public\wp-config.php:91
[19-Mar-2022 14:55:22 UTC] PHP   6. include() E:\Projects\hai\app\public\wp-settings.php:555
[19-Mar-2022 14:55:26 UTC] PHP Warning:  require(E:\Projects\hai\app\public/wp-content/themes/hai/classes/class-hai-svg-icons.php): failed to open stream: No such file or directory in E:\Projects\hai\app\public\wp-content\themes\hai\functions.php on line 159
[19-Mar-2022 14:55:26 UTC] PHP Stack trace:
[19-Mar-2022 14:55:26 UTC] PHP   1. {main}() E:\Projects\hai\app\public\wp-admin\admin-ajax.php:0
[19-Mar-2022 14:55:26 UTC] PHP   2. require_once() E:\Projects\hai\app\public\wp-admin\admin-ajax.php:22
[19-Mar-2022 14:55:26 UTC] PHP   3. require_once() E:\Projects\hai\app\public\wp-load.php:50
[19-Mar-2022 14:55:26 UTC] PHP   4. require_once() E:\Projects\hai\app\public\wp-config.php:91
[19-Mar-2022 14:55:26 UTC] PHP   5. include() E:\Projects\hai\app\public\wp-settings.php:555
[19-Mar-2022 14:55:26 UTC] PHP Fatal error:  require(): Failed opening required 'E:\Projects\hai\app\public/wp-content/themes/hai/classes/class-hai-svg-icons.php' (include_path='.:/usr/share/php:/www/wp-content/pear') in E:\Projects\hai\app\public\wp-content\themes\hai\functions.php on line 159
[19-Mar-2022 14:55:26 UTC] PHP Stack trace:
[19-Mar-2022 14:55:26 UTC] PHP   1. {main}() E:\Projects\hai\app\public\wp-admin\admin-ajax.php:0
[19-Mar-2022 14:55:26 UTC] PHP   2. require_once() E:\Projects\hai\app\public\wp-admin\admin-ajax.php:22
[19-Mar-2022 14:55:26 UTC] PHP   3. require_once() E:\Projects\hai\app\public\wp-load.php:50
[19-Mar-2022 14:55:26 UTC] PHP   4. require_once() E:\Projects\hai\app\public\wp-config.php:91
[19-Mar-2022 14:55:26 UTC] PHP   5. include() E:\Projects\hai\app\public\wp-settings.php:555
[19-Mar-2022 14:55:45 UTC] PHP Warning:  require(E:\Projects\hai\app\public/wp-content/themes/hai/classes/class-hai-svg-icons.php): failed to open stream: No such file or directory in E:\Projects\hai\app\public\wp-content\themes\hai\functions.php on line 159
[19-Mar-2022 14:55:45 UTC] PHP Stack trace:
[19-Mar-2022 14:55:45 UTC] PHP   1. {main}() E:\Projects\hai\app\public\wp-admin\admin-ajax.php:0
[19-Mar-2022 14:55:45 UTC] PHP   2. require_once() E:\Projects\hai\app\public\wp-admin\admin-ajax.php:22
[19-Mar-2022 14:55:45 UTC] PHP   3. require_once() E:\Projects\hai\app\public\wp-load.php:50
[19-Mar-2022 14:55:45 UTC] PHP   4. require_once() E:\Projects\hai\app\public\wp-config.php:91
[19-Mar-2022 14:55:45 UTC] PHP   5. include() E:\Projects\hai\app\public\wp-settings.php:555
[19-Mar-2022 14:55:45 UTC] PHP Fatal error:  require(): Failed opening required 'E:\Projects\hai\app\public/wp-content/themes/hai/classes/class-hai-svg-icons.php' (include_path='.:/usr/share/php:/www/wp-content/pear') in E:\Projects\hai\app\public\wp-content\themes\hai\functions.php on line 159
[19-Mar-2022 14:55:45 UTC] PHP Stack trace:
[19-Mar-2022 14:55:45 UTC] PHP   1. {main}() E:\Projects\hai\app\public\wp-admin\admin-ajax.php:0
[19-Mar-2022 14:55:45 UTC] PHP   2. require_once() E:\Projects\hai\app\public\wp-admin\admin-ajax.php:22
[19-Mar-2022 14:55:45 UTC] PHP   3. require_once() E:\Projects\hai\app\public\wp-load.php:50
[19-Mar-2022 14:55:45 UTC] PHP   4. require_once() E:\Projects\hai\app\public\wp-config.php:91
[19-Mar-2022 14:55:45 UTC] PHP   5. include() E:\Projects\hai\app\public\wp-settings.php:555
[19-Mar-2022 14:56:40 UTC] PHP Warning:  require(E:\Projects\hai\app\public/wp-content/themes/hai/classes/class-hai-svg-icons.php): failed to open stream: No such file or directory in E:\Projects\hai\app\public\wp-content\themes\hai\functions.php on line 159
[19-Mar-2022 14:56:40 UTC] PHP Stack trace:
[19-Mar-2022 14:56:40 UTC] PHP   1. {main}() E:\Projects\hai\app\public\wp-admin\admin-ajax.php:0
[19-Mar-2022 14:56:40 UTC] PHP   2. require_once() E:\Projects\hai\app\public\wp-admin\admin-ajax.php:22
[19-Mar-2022 14:56:40 UTC] PHP   3. require_once() E:\Projects\hai\app\public\wp-load.php:50
[19-Mar-2022 14:56:40 UTC] PHP   4. require_once() E:\Projects\hai\app\public\wp-config.php:91
[19-Mar-2022 14:56:40 UTC] PHP   5. include() E:\Projects\hai\app\public\wp-settings.php:555
[19-Mar-2022 14:56:40 UTC] PHP Fatal error:  require(): Failed opening required 'E:\Projects\hai\app\public/wp-content/themes/hai/classes/class-hai-svg-icons.php' (include_path='.:/usr/share/php:/www/wp-content/pear') in E:\Projects\hai\app\public\wp-content\themes\hai\functions.php on line 159
[19-Mar-2022 14:56:40 UTC] PHP Stack trace:
[19-Mar-2022 14:56:40 UTC] PHP   1. {main}() E:\Projects\hai\app\public\wp-admin\admin-ajax.php:0
[19-Mar-2022 14:56:40 UTC] PHP   2. require_once() E:\Projects\hai\app\public\wp-admin\admin-ajax.php:22
[19-Mar-2022 14:56:40 UTC] PHP   3. require_once() E:\Projects\hai\app\public\wp-load.php:50
[19-Mar-2022 14:56:40 UTC] PHP   4. require_once() E:\Projects\hai\app\public\wp-config.php:91
[19-Mar-2022 14:56:40 UTC] PHP   5. include() E:\Projects\hai\app\public\wp-settings.php:555
[19-Mar-2022 14:56:48 UTC] PHP Warning:  require(E:\Projects\hai\app\public/wp-content/themes/hai/classes/class-hai-svg-icons.php): failed to open stream: No such file or directory in E:\Projects\hai\app\public\wp-content\themes\hai\functions.php on line 159
[19-Mar-2022 14:56:48 UTC] PHP Stack trace:
[19-Mar-2022 14:56:48 UTC] PHP   1. {main}() E:\Projects\hai\app\public\wp-admin\index.php:0
[19-Mar-2022 14:56:48 UTC] PHP   2. require_once() E:\Projects\hai\app\public\wp-admin\index.php:10
[19-Mar-2022 14:56:48 UTC] PHP   3. require_once() E:\Projects\hai\app\public\wp-admin\admin.php:34
[19-Mar-2022 14:56:48 UTC] PHP   4. require_once() E:\Projects\hai\app\public\wp-load.php:50
[19-Mar-2022 14:56:48 UTC] PHP   5. require_once() E:\Projects\hai\app\public\wp-config.php:91
[19-Mar-2022 14:56:48 UTC] PHP   6. include() E:\Projects\hai\app\public\wp-settings.php:555
[19-Mar-2022 14:56:48 UTC] PHP Fatal error:  require(): Failed opening required 'E:\Projects\hai\app\public/wp-content/themes/hai/classes/class-hai-svg-icons.php' (include_path='.:/usr/share/php:/www/wp-content/pear') in E:\Projects\hai\app\public\wp-content\themes\hai\functions.php on line 159
[19-Mar-2022 14:56:48 UTC] PHP Stack trace:
[19-Mar-2022 14:56:48 UTC] PHP   1. {main}() E:\Projects\hai\app\public\wp-admin\index.php:0
[19-Mar-2022 14:56:48 UTC] PHP   2. require_once() E:\Projects\hai\app\public\wp-admin\index.php:10
[19-Mar-2022 14:56:48 UTC] PHP   3. require_once() E:\Projects\hai\app\public\wp-admin\admin.php:34
[19-Mar-2022 14:56:48 UTC] PHP   4. require_once() E:\Projects\hai\app\public\wp-load.php:50
[19-Mar-2022 14:56:48 UTC] PHP   5. require_once() E:\Projects\hai\app\public\wp-config.php:91
[19-Mar-2022 14:56:48 UTC] PHP   6. include() E:\Projects\hai\app\public\wp-settings.php:555
[19-Mar-2022 14:56:58 UTC] PHP Warning:  require(E:\Projects\hai\app\public/wp-content/themes/hai/classes/class-hai-svg-icons.php): failed to open stream: No such file or directory in E:\Projects\hai\app\public\wp-content\themes\hai\functions.php on line 159
[19-Mar-2022 14:56:58 UTC] PHP Stack trace:
[19-Mar-2022 14:56:58 UTC] PHP   1. {main}() E:\Projects\hai\app\public\index.php:0
[19-Mar-2022 14:56:58 UTC] PHP   2. require() E:\Projects\hai\app\public\index.php:17
[19-Mar-2022 14:56:58 UTC] PHP   3. require_once() E:\Projects\hai\app\public\wp-blog-header.php:13
[19-Mar-2022 14:56:58 UTC] PHP   4. require_once() E:\Projects\hai\app\public\wp-load.php:50
[19-Mar-2022 14:56:58 UTC] PHP   5. require_once() E:\Projects\hai\app\public\wp-config.php:91
[19-Mar-2022 14:56:58 UTC] PHP   6. include() E:\Projects\hai\app\public\wp-settings.php:555
[19-Mar-2022 14:56:58 UTC] PHP Fatal error:  require(): Failed opening required 'E:\Projects\hai\app\public/wp-content/themes/hai/classes/class-hai-svg-icons.php' (include_path='.:/usr/share/php:/www/wp-content/pear') in E:\Projects\hai\app\public\wp-content\themes\hai\functions.php on line 159
[19-Mar-2022 14:56:58 UTC] PHP Stack trace:
[19-Mar-2022 14:56:58 UTC] PHP   1. {main}() E:\Projects\hai\app\public\index.php:0
[19-Mar-2022 14:56:58 UTC] PHP   2. require() E:\Projects\hai\app\public\index.php:17
[19-Mar-2022 14:56:58 UTC] PHP   3. require_once() E:\Projects\hai\app\public\wp-blog-header.php:13
[19-Mar-2022 14:56:58 UTC] PHP   4. require_once() E:\Projects\hai\app\public\wp-load.php:50
[19-Mar-2022 14:56:58 UTC] PHP   5. require_once() E:\Projects\hai\app\public\wp-config.php:91
[19-Mar-2022 14:56:58 UTC] PHP   6. include() E:\Projects\hai\app\public\wp-settings.php:555
[19-Mar-2022 14:57:06 UTC] PHP Warning:  require(E:\Projects\hai\app\public/wp-content/themes/hai/classes/class-hai-walker-comment.php): failed to open stream: No such file or directory in E:\Projects\hai\app\public\wp-content\themes\hai\functions.php on line 169
[19-Mar-2022 14:57:06 UTC] PHP Stack trace:
[19-Mar-2022 14:57:06 UTC] PHP   1. {main}() E:\Projects\hai\app\public\wp-admin\nav-menus.php:0
[19-Mar-2022 14:57:06 UTC] PHP   2. require_once() E:\Projects\hai\app\public\wp-admin\nav-menus.php:13
[19-Mar-2022 14:57:06 UTC] PHP   3. require_once() E:\Projects\hai\app\public\wp-admin\admin.php:34
[19-Mar-2022 14:57:06 UTC] PHP   4. require_once() E:\Projects\hai\app\public\wp-load.php:50
[19-Mar-2022 14:57:06 UTC] PHP   5. require_once() E:\Projects\hai\app\public\wp-config.php:91
[19-Mar-2022 14:57:06 UTC] PHP   6. include() E:\Projects\hai\app\public\wp-settings.php:555
[19-Mar-2022 14:57:06 UTC] PHP Fatal error:  require(): Failed opening required 'E:\Projects\hai\app\public/wp-content/themes/hai/classes/class-hai-walker-comment.php' (include_path='.:/usr/share/php:/www/wp-content/pear') in E:\Projects\hai\app\public\wp-content\themes\hai\functions.php on line 169
[19-Mar-2022 14:57:06 UTC] PHP Stack trace:
[19-Mar-2022 14:57:06 UTC] PHP   1. {main}() E:\Projects\hai\app\public\wp-admin\nav-menus.php:0
[19-Mar-2022 14:57:06 UTC] PHP   2. require_once() E:\Projects\hai\app\public\wp-admin\nav-menus.php:13
[19-Mar-2022 14:57:06 UTC] PHP   3. require_once() E:\Projects\hai\app\public\wp-admin\admin.php:34
[19-Mar-2022 14:57:06 UTC] PHP   4. require_once() E:\Projects\hai\app\public\wp-load.php:50
[19-Mar-2022 14:57:06 UTC] PHP   5. require_once() E:\Projects\hai\app\public\wp-config.php:91
[19-Mar-2022 14:57:06 UTC] PHP   6. include() E:\Projects\hai\app\public\wp-settings.php:555
